Using pre-set license
Built from '2021.3/staging' branch; Version is '2021.3.10f1 (1c7d0df0160b) revision 1867021'; Using compiler version '192829333'; Build Type 'Release'
OS: 'Windows 10  (10.0.19045) 64bit Professional' Language: 'en' Physical Memory: 16326 MB
BatchMode: 1, IsHumanControllingUs: 0, StartBugReporterOnCrash: 0, Is64bit: 1, IsPro: 1

COMMAND LINE ARGUMENTS:
C:\Program Files\Unity\Hub\Editor\2021.3.10f1\Editor\Unity.exe
-adb2
-batchMode
-noUpm
-name
AssetImportWorker0
-projectPath
C:/Users/Kyle Knotek/Team-22-VR-Game-Senior-Project/VR Game Senior Project
-logFile
Logs/AssetImportWorker0.log
-srvPort
61399
Successfully changed project path to: C:/Users/Kyle Knotek/Team-22-VR-Game-Senior-Project/VR Game Senior Project
C:/Users/Kyle Knotek/Team-22-VR-Game-Senior-Project/VR Game Senior Project
[UnityMemory] Configuration Parameters - Can be set up in boot.config
    "memorysetup-bucket-allocator-granularity=16"
    "memorysetup-bucket-allocator-bucket-count=8"
    "memorysetup-bucket-allocator-block-size=33554432"
    "memorysetup-bucket-allocator-block-count=8"
    "memorysetup-main-allocator-block-size=16777216"
    "memorysetup-thread-allocator-block-size=16777216"
    "memorysetup-gfx-main-allocator-block-size=16777216"
    "memorysetup-gfx-thread-allocator-block-size=16777216"
    "memorysetup-cache-allocator-block-size=4194304"
    "memorysetup-typetree-allocator-block-size=2097152"
    "memorysetup-profiler-bucket-allocator-granularity=16"
    "memorysetup-profiler-bucket-allocator-bucket-count=8"
    "memorysetup-profiler-bucket-allocator-block-size=33554432"
    "memorysetup-profiler-bucket-allocator-block-count=8"
    "memorysetup-profiler-allocator-block-size=16777216"
    "memorysetup-profiler-editor-allocator-block-size=1048576"
    "memorysetup-temp-allocator-size-main=16777216"
    "memorysetup-job-temp-allocator-block-size=2097152"
    "memorysetup-job-temp-allocator-block-size-background=1048576"
    "memorysetup-job-temp-allocator-reduction-small-platforms=262144"
    "memorysetup-temp-allocator-size-background-worker=32768"
    "memorysetup-temp-allocator-size-job-worker=262144"
    "memorysetup-temp-allocator-size-preload-manager=33554432"
    "memorysetup-temp-allocator-size-nav-mesh-worker=65536"
    "memorysetup-temp-allocator-size-audio-worker=65536"
    "memorysetup-temp-allocator-size-cloud-worker=32768"
    "memorysetup-temp-allocator-size-gi-baking-worker=262144"
    "memorysetup-temp-allocator-size-gfx=262144"
Refreshing native plugins compatible for Editor in 192.50 ms, found 12 plugins.
Preloading 1 native plugins for Editor in 1.10 ms.
Initialize engine version: 2021.3.10f1 (1c7d0df0160b)
[Subsystems] Discovering subsystems at path C:/Program Files/Unity/Hub/Editor/2021.3.10f1/Editor/Data/Resources/UnitySubsystems
[Subsystems] Discovering subsystems at path C:/Users/Kyle Knotek/Team-22-VR-Game-Senior-Project/VR Game Senior Project/Assets
GfxDevice: creating device client; threaded=0; jobified=0
Direct3D:
    Version:  Direct3D 11.0 [level 11.1]
    Renderer: NVIDIA GeForce GTX 1650 (ID=0x1f82)
    Vendor:   NVIDIA
    VRAM:     3949 MB
    Driver:   31.0.15.2647
Initialize mono
Mono path[0] = 'C:/Program Files/Unity/Hub/Editor/2021.3.10f1/Editor/Data/Managed'
Mono path[1] = 'C:/Program Files/Unity/Hub/Editor/2021.3.10f1/Editor/Data/MonoBleedingEdge/lib/mono/unityjit-win32'
Mono config path = 'C:/Program Files/Unity/Hub/Editor/2021.3.10f1/Editor/Data/MonoBleedingEdge/etc'
Using monoOptions --debugger-agent=transport=dt_socket,embedding=1,server=y,suspend=n,address=127.0.0.1:56824
Begin MonoManager ReloadAssembly
Registering precompiled unity dll's ...
Register platform support module: C:/Program Files/Unity/Hub/Editor/2021.3.10f1/Editor/Data/PlaybackEngines/AndroidPlayer/UnityEditor.Android.Extensions.dll
Register platform support module: C:/Program Files/Unity/Hub/Editor/2021.3.10f1/Editor/Data/PlaybackEngines/WindowsStandaloneSupport/UnityEditor.WindowsStandalone.Extensions.dll
Registered in 0.008842 seconds.
Native extension for WindowsStandalone target not found
Native extension for Android target not found
Refreshing native plugins compatible for Editor in 203.25 ms, found 12 plugins.
Preloading 1 native plugins for Editor in 0.29 ms.
Mono: successfully reloaded assembly
- Completed reload, in  0.910 seconds
Domain Reload Profiling:
	ReloadAssembly (911ms)
		BeginReloadAssembly (85ms)
			ExecutionOrderSort (0ms)
			DisableScriptedObjects (0ms)
			BackupInstance (0ms)
			ReleaseScriptingObjects (0ms)
			CreateAndSetChildDomain (1ms)
		EndReloadAssembly (698ms)
			LoadAssemblies (83ms)
			RebuildTransferFunctionScriptingTraits (0ms)
			SetupTypeCache (130ms)
			ReleaseScriptCaches (0ms)
			RebuildScriptCaches (33ms)
			SetupLoadedEditorAssemblies (472ms)
				LogAssemblyErrors (0ms)
				InitializePlatformSupportModulesInManaged (74ms)
				SetLoadedEditorAssemblies (0ms)
				RefreshPlugins (204ms)
				BeforeProcessingInitializeOnLoad (2ms)
				ProcessInitializeOnLoadAttributes (130ms)
				ProcessInitializeOnLoadMethodAttributes (63ms)
				AfterProcessingInitializeOnLoad (0ms)
				EditorAssembliesLoaded (0ms)
			ExecutionOrderSort2 (0ms)
			AwakeInstancesAfterBackupRestoration (0ms)
Platform modules already initialized, skipping
Registering precompiled user dll's ...
Registered in 0.020894 seconds.
Begin MonoManager ReloadAssembly
Native extension for WindowsStandalone target not found
Native extension for Android target not found
Refreshing native plugins compatible for Editor in 172.60 ms, found 12 plugins.
Preloading 1 native plugins for Editor in 0.09 ms.
Package Manager log level set to [2]
System.Reflection.TargetInvocationException: Exception has been thrown by the target of an invocation. ---> System.NullReferenceException: Object reference not set to an instance of an object
  at Unity.XR.Oculus.OculusLoader.AssetPathToAbsolutePath (System.String assetPath) [0x0003d] in C:\Users\Kyle Knotek\Team-22-VR-Game-Senior-Project\VR Game Senior Project\Library\PackageCache\com.unity.xr.oculus@3.0.2\Runtime\OculusLoader.cs:271 
  at Unity.XR.Oculus.OculusLoader.EditorLoadOVRPlugin () [0x0007b] in C:\Users\Kyle Knotek\Team-22-VR-Game-Senior-Project\VR Game Senior Project\Library\PackageCache\com.unity.xr.oculus@3.0.2\Runtime\OculusLoader.cs:256 
  at (wrapper managed-to-native) System.Reflection.RuntimeMethodInfo.InternalInvoke(System.Reflection.RuntimeMethodInfo,object,object[],System.Exception&)
  at System.Reflection.RuntimeMethodInfo.Invoke (System.Object obj, System.Reflection.BindingFlags invokeAttr, System.Reflection.Binder binder, System.Object[] parameters, System.Globalization.CultureInfo culture) [0x0006a] in <9aad1b3a47484d63ba2b3985692d80e9>:0 
   --- End of inner exception stack trace ---
  at System.Reflection.RuntimeMethodInfo.Invoke (System.Object obj, System.Reflection.BindingFlags invokeAttr, System.Reflection.Binder binder, System.Object[] parameters, System.Globalization.CultureInfo culture) [0x00083] in <9aad1b3a47484d63ba2b3985692d80e9>:0 
  at System.Reflection.MethodBase.Invoke (System.Object obj, System.Object[] parameters) [0x00000] in <9aad1b3a47484d63ba2b3985692d80e9>:0 
  at UnityEditor.EditorAssemblies.ProcessInitializeOnLoadMethodAttributes () [0x000a5] in <99feab6f3db6407493924fe4a179a95b>:0 
UnityEngine.StackTraceUtility:ExtractStackTrace ()
UnityEngine.DebugLogHandler:LogFormat (UnityEngine.LogType,UnityEngine.Object,string,object[])
UnityEngine.Logger:Log (UnityEngine.LogType,object)
UnityEngine.Debug:LogError (object)
UnityEditor.EditorAssemblies:ProcessInitializeOnLoadMethodAttributes ()

Mono: successfully reloaded assembly
- Completed reload, in  1.998 seconds
Domain Reload Profiling:
	ReloadAssembly (1999ms)
		BeginReloadAssembly (242ms)
			ExecutionOrderSort (0ms)
			DisableScriptedObjects (7ms)
			BackupInstance (0ms)
			ReleaseScriptingObjects (0ms)
			CreateAndSetChildDomain (132ms)
		EndReloadAssembly (1616ms)
			LoadAssemblies (133ms)
			RebuildTransferFunctionScriptingTraits (0ms)
			SetupTypeCache (431ms)
			ReleaseScriptCaches (1ms)
			RebuildScriptCaches (96ms)
			SetupLoadedEditorAssemblies (893ms)
				LogAssemblyErrors (0ms)
				InitializePlatformSupportModulesInManaged (15ms)
				SetLoadedEditorAssemblies (0ms)
				RefreshPlugins (173ms)
				BeforeProcessingInitializeOnLoad (186ms)
				ProcessInitializeOnLoadAttributes (389ms)
				ProcessInitializeOnLoadMethodAttributes (121ms)
				AfterProcessingInitializeOnLoad (9ms)
				EditorAssembliesLoaded (0ms)
			ExecutionOrderSort2 (0ms)
			AwakeInstancesAfterBackupRestoration (7ms)
Platform modules already initialized, skipping
========================================================================
Worker process is ready to serve import requests
Launched and connected shader compiler UnityShaderCompiler.exe after 0.05 seconds
Refreshing native plugins compatible for Editor in 1.48 ms, found 12 plugins.
Preloading 1 native plugins for Editor in 0.11 ms.
Unloading 6768 Unused Serialized files (Serialized files now loaded: 0)
Unloading 67 unused Assets / (460.0 KB). Loaded Objects now: 7212.
Memory consumption went from 263.1 MB to 262.6 MB.
Total: 5.284800 ms (FindLiveObjects: 0.680100 ms CreateObjectMapping: 0.413000 ms MarkObjects: 3.831300 ms  DeleteObjects: 0.359200 ms)

AssetImportParameters requested are different than current active one (requested -> active):
  custom:video-decoder-ogg-theora: a1e56fd34408186e4bbccfd4996cb3dc -> 
  custom:container-muxer-webm: aa71ff27fc2769a1b78a27578f13a17b -> 
  custom:container-demuxer-webm: 4f35f7cbe854078d1ac9338744f61a02 -> 
  custom:video-encoder-webm-vp8: eb34c28f22e8b96e1ab97ce403110664 -> 
  custom:audio-encoder-webm-vorbis: bf7c407c2cedff20999df2af8eb42d56 -> 
  custom:framework-win-MediaFoundation: 216162199b28c13a410421893ffa2e32 -> 
  custom:container-demuxer-ogg: 62fdf1f143b41e24485cea50d1cbac27 -> 
  custom:video-decoder-webm-vp8: 9c59270c3fd7afecdb556c50c9e8de78 -> 
  custom:audio-decoder-ogg-vorbis: bf7c407c2cedff20999df2af8eb42d56 -> 
========================================================================
Received Import Request.
  Time since last request: 648631.148650 seconds.
  path: Assets/Background Objects/TexturesCom_HighRiseNight0020_S.jpg
  artifactKey: Guid(c714c7d6cb889bd4ea4e81f8242959de) Importer(815301076,1909f56bfc062723c751e8b465ee728b)
Start importing Assets/Background Objects/TexturesCom_HighRiseNight0020_S.jpg using Guid(c714c7d6cb889bd4ea4e81f8242959de) Importer(815301076,1909f56bfc062723c751e8b465ee728b)  -> (artifact id: 'bd6507eacfb9874aa34427a5a4ecdbac') in 0.132202 seconds 
========================================================================
Received Import Request.
  Time since last request: 353.558334 seconds.
  path: Assets/Textures/Billboards(SIgns)/logo_coke.jpg
  artifactKey: Guid(b852b9794e46e794d99ecef1b4515c24) Importer(815301076,1909f56bfc062723c751e8b465ee728b)
Start importing Assets/Textures/Billboards(SIgns)/logo_coke.jpg using Guid(b852b9794e46e794d99ecef1b4515c24) Importer(815301076,1909f56bfc062723c751e8b465ee728b)  -> (artifact id: 'c34c777761741e9a3c8f12afd853fa4a') in 0.023309 seconds 
========================================================================
Received Import Request.
  Time since last request: 2.908943 seconds.
  path: Assets/Textures/Billboards(SIgns)/logo_coke.jpg
  artifactKey: Guid(b852b9794e46e794d99ecef1b4515c24) Importer(815301076,1909f56bfc062723c751e8b465ee728b)
Start importing Assets/Textures/Billboards(SIgns)/logo_coke.jpg using Guid(b852b9794e46e794d99ecef1b4515c24) Importer(815301076,1909f56bfc062723c751e8b465ee728b)  -> (artifact id: '34c66434de2e1c59787ff068768b3156') in 0.016368 seconds 
========================================================================
Received Import Request.
  Time since last request: 589.789901 seconds.
  path: Assets/Models
  artifactKey: Guid(0d0b47a4b67dabd429da8a3dfb6a2fb6) Importer(815301076,1909f56bfc062723c751e8b465ee728b)
Start importing Assets/Models using Guid(0d0b47a4b67dabd429da8a3dfb6a2fb6) Importer(815301076,1909f56bfc062723c751e8b465ee728b)  -> (artifact id: 'b6e7bd8678b40119b0a604d6c1e23611') in 0.008302 seconds 
========================================================================
Received Import Request.
  Time since last request: 9.946738 seconds.
  path: Assets/Models/Lowpoly-Base.fbx
  artifactKey: Guid(966c6f7e0daba014aa93becdb1ae2048) Importer(815301076,1909f56bfc062723c751e8b465ee728b)
Start importing Assets/Models/Lowpoly-Base.fbx using Guid(966c6f7e0daba014aa93becdb1ae2048) Importer(815301076,1909f56bfc062723c751e8b465ee728b)  -> (artifact id: 'e5fe47613bac9fd0ce31b4876031b17a') in 0.347045 seconds 
========================================================================
Received Import Request.
  Time since last request: 827.891179 seconds.
  path: Assets/New Universal Render Pipeline Asset.asset
  artifactKey: Guid(1003611452eb75d4298a036ecf4292ff) Importer(815301076,1909f56bfc062723c751e8b465ee728b)
Start importing Assets/New Universal Render Pipeline Asset.asset using Guid(1003611452eb75d4298a036ecf4292ff) Importer(815301076,1909f56bfc062723c751e8b465ee728b)  -> (artifact id: '1372b80d941a421e53bcec0c9f04c844') in 0.032508 seconds 
========================================================================
Received Import Request.
  Time since last request: 0.000036 seconds.
  path: Assets/Readme.asset
  artifactKey: Guid(8105016687592461f977c054a80ce2f2) Importer(815301076,1909f56bfc062723c751e8b465ee728b)
Start importing Assets/Readme.asset using Guid(8105016687592461f977c054a80ce2f2) Importer(815301076,1909f56bfc062723c751e8b465ee728b)  -> (artifact id: '91de3827d7b7031e975c158f95d5e7fe') in 0.009345 seconds 
========================================================================
Received Import Request.
  Time since last request: 0.000035 seconds.
  path: Assets/New Universal Render Pipeline Asset_Renderer.asset
  artifactKey: Guid(6d394d15632cd9947a54963c3552631b) Importer(815301076,1909f56bfc062723c751e8b465ee728b)
Start importing Assets/New Universal Render Pipeline Asset_Renderer.asset using Guid(6d394d15632cd9947a54963c3552631b) Importer(815301076,1909f56bfc062723c751e8b465ee728b)  -> (artifact id: '755d38ada1dba9cd29faf78685727711') in 0.007378 seconds 
========================================================================
Received Prepare
Registering precompiled user dll's ...
Registered in 0.016271 seconds.
Begin MonoManager ReloadAssembly
Native extension for WindowsStandalone target not found
Native extension for Android target not found
Refreshing native plugins compatible for Editor in 1.95 ms, found 12 plugins.
Preloading 1 native plugins for Editor in 0.12 ms.
System.Reflection.TargetInvocationException: Exception has been thrown by the target of an invocation. ---> System.NullReferenceException: Object reference not set to an instance of an object
  at Unity.XR.Oculus.OculusLoader.AssetPathToAbsolutePath (System.String assetPath) [0x0003d] in C:\Users\Kyle Knotek\Team-22-VR-Game-Senior-Project\VR Game Senior Project\Library\PackageCache\com.unity.xr.oculus@3.0.2\Runtime\OculusLoader.cs:271 
  at Unity.XR.Oculus.OculusLoader.EditorLoadOVRPlugin () [0x0007b] in C:\Users\Kyle Knotek\Team-22-VR-Game-Senior-Project\VR Game Senior Project\Library\PackageCache\com.unity.xr.oculus@3.0.2\Runtime\OculusLoader.cs:256 
  at (wrapper managed-to-native) System.Reflection.RuntimeMethodInfo.InternalInvoke(System.Reflection.RuntimeMethodInfo,object,object[],System.Exception&)
  at System.Reflection.RuntimeMethodInfo.Invoke (System.Object obj, System.Reflection.BindingFlags invokeAttr, System.Reflection.Binder binder, System.Object[] parameters, System.Globalization.CultureInfo culture) [0x0006a] in <9aad1b3a47484d63ba2b3985692d80e9>:0 
   --- End of inner exception stack trace ---
  at System.Reflection.RuntimeMethodInfo.Invoke (System.Object obj, System.Reflection.BindingFlags invokeAttr, System.Reflection.Binder binder, System.Object[] parameters, System.Globalization.CultureInfo culture) [0x00083] in <9aad1b3a47484d63ba2b3985692d80e9>:0 
  at System.Reflection.MethodBase.Invoke (System.Object obj, System.Object[] parameters) [0x00000] in <9aad1b3a47484d63ba2b3985692d80e9>:0 
  at UnityEditor.EditorAssemblies.ProcessInitializeOnLoadMethodAttributes () [0x000a5] in <99feab6f3db6407493924fe4a179a95b>:0 
UnityEngine.StackTraceUtility:ExtractStackTrace ()
UnityEngine.DebugLogHandler:LogFormat (UnityEngine.LogType,UnityEngine.Object,string,object[])
UnityEngine.Logger:Log (UnityEngine.LogType,object)
UnityEngine.Debug:LogError (object)
UnityEditor.EditorAssemblies:ProcessInitializeOnLoadMethodAttributes ()

Mono: successfully reloaded assembly
- Completed reload, in  1.720 seconds
Domain Reload Profiling:
	ReloadAssembly (1720ms)
		BeginReloadAssembly (194ms)
			ExecutionOrderSort (0ms)
			DisableScriptedObjects (10ms)
			BackupInstance (0ms)
			ReleaseScriptingObjects (0ms)
			CreateAndSetChildDomain (68ms)
		EndReloadAssembly (1404ms)
			LoadAssemblies (127ms)
			RebuildTransferFunctionScriptingTraits (0ms)
			SetupTypeCache (427ms)
			ReleaseScriptCaches (2ms)
			RebuildScriptCaches (66ms)
			SetupLoadedEditorAssemblies (679ms)
				LogAssemblyErrors (0ms)
				InitializePlatformSupportModulesInManaged (27ms)
				SetLoadedEditorAssemblies (1ms)
				RefreshPlugins (2ms)
				BeforeProcessingInitializeOnLoad (144ms)
				ProcessInitializeOnLoadAttributes (376ms)
				ProcessInitializeOnLoadMethodAttributes (119ms)
				AfterProcessingInitializeOnLoad (9ms)
				EditorAssembliesLoaded (0ms)
			ExecutionOrderSort2 (0ms)
			AwakeInstancesAfterBackupRestoration (16ms)
Platform modules already initialized, skipping
Refreshing native plugins compatible for Editor in 10.19 ms, found 12 plugins.
Preloading 1 native plugins for Editor in 0.12 ms.
Unloading 6613 Unused Serialized files (Serialized files now loaded: 0)
Unloading 51 unused Assets / (420.2 KB). Loaded Objects now: 7309.
Memory consumption went from 271.8 MB to 271.4 MB.
Total: 6.363000 ms (FindLiveObjects: 0.575100 ms CreateObjectMapping: 1.333100 ms MarkObjects: 4.090300 ms  DeleteObjects: 0.363000 ms)

AssetImportParameters requested are different than current active one (requested -> active):
  custom:video-decoder-ogg-theora: a1e56fd34408186e4bbccfd4996cb3dc -> 
  custom:container-muxer-webm: aa71ff27fc2769a1b78a27578f13a17b -> 
  custom:container-demuxer-webm: 4f35f7cbe854078d1ac9338744f61a02 -> 
  custom:video-encoder-webm-vp8: eb34c28f22e8b96e1ab97ce403110664 -> 
  custom:audio-encoder-webm-vorbis: bf7c407c2cedff20999df2af8eb42d56 -> 
  custom:framework-win-MediaFoundation: 216162199b28c13a410421893ffa2e32 -> 
  custom:container-demuxer-ogg: 62fdf1f143b41e24485cea50d1cbac27 -> 
  custom:video-decoder-webm-vp8: 9c59270c3fd7afecdb556c50c9e8de78 -> 
  custom:audio-decoder-ogg-vorbis: bf7c407c2cedff20999df2af8eb42d56 -> 
========================================================================
Received Import Request.
  Time since last request: 322.998623 seconds.
  path: Assets/Prefabs/Katana Cutter.prefab
  artifactKey: Guid(895f80896b6778749b0cf61292d68ef9) Importer(815301076,1909f56bfc062723c751e8b465ee728b)
Start importing Assets/Prefabs/Katana Cutter.prefab using Guid(895f80896b6778749b0cf61292d68ef9) Importer(815301076,1909f56bfc062723c751e8b465ee728b)  -> (artifact id: '17d3776d2b43bb14055cccf258610f9f') in 0.273066 seconds 
========================================================================
Received Import Request.
  Time since last request: 55.922865 seconds.
  path: Assets/Scenes/UITest.unity
  artifactKey: Guid(391bed50dd3f43246b7456ec4807f3ac) Importer(815301076,1909f56bfc062723c751e8b465ee728b)
Start importing Assets/Scenes/UITest.unity using Guid(391bed50dd3f43246b7456ec4807f3ac) Importer(815301076,1909f56bfc062723c751e8b465ee728b)  -> (artifact id: 'b70504c88355a5739d4fbfc85797238c') in 0.010727 seconds 
========================================================================
Received Import Request.
  Time since last request: 311.927190 seconds.
  path: Assets/UI/Level Previews
  artifactKey: Guid(9cb101206f6851444ae04fbe4f017a53) Importer(815301076,1909f56bfc062723c751e8b465ee728b)
Start importing Assets/UI/Level Previews using Guid(9cb101206f6851444ae04fbe4f017a53) Importer(815301076,1909f56bfc062723c751e8b465ee728b)  -> (artifact id: '80e9f8bd8647e89610e46bc995e4f9a5') in 0.008949 seconds 
========================================================================
Received Import Request.
  Time since last request: 24.368489 seconds.
  path: Assets/UI/Level Previews/Game ScreenShot1.PNG
  artifactKey: Guid(e7b8853bad847d1449306060b51a8abf) Importer(815301076,1909f56bfc062723c751e8b465ee728b)
Start importing Assets/UI/Level Previews/Game ScreenShot1.PNG using Guid(e7b8853bad847d1449306060b51a8abf) Importer(815301076,1909f56bfc062723c751e8b465ee728b)  -> (artifact id: 'e0112d38784a8200199778fd78ca8362') in 0.064498 seconds 
========================================================================
Received Import Request.
  Time since last request: 12.583616 seconds.
  path: Assets/UI/Level Previews/Game ScreenShot1.PNG
  artifactKey: Guid(e7b8853bad847d1449306060b51a8abf) Importer(815301076,1909f56bfc062723c751e8b465ee728b)
Start importing Assets/UI/Level Previews/Game ScreenShot1.PNG using Guid(e7b8853bad847d1449306060b51a8abf) Importer(815301076,1909f56bfc062723c751e8b465ee728b)  -> (artifact id: 'a2ef64b68a824d41a63b874bb44922a4') in 0.138811 seconds 
========================================================================
Received Import Request.
  Time since last request: 7.960968 seconds.
  path: Assets/UI/Level Previews/Game ScreenShot1.PNG
  artifactKey: Guid(e7b8853bad847d1449306060b51a8abf) Importer(815301076,1909f56bfc062723c751e8b465ee728b)
Start importing Assets/UI/Level Previews/Game ScreenShot1.PNG using Guid(e7b8853bad847d1449306060b51a8abf) Importer(815301076,1909f56bfc062723c751e8b465ee728b)  -> (artifact id: '1c5082679bb64d42eebbc8874cbdd82b') in 0.130854 seconds 
========================================================================
Received Import Request.
  Time since last request: 108.490567 seconds.
  path: Assets/UI/Level Previews/Game ScreenShot1.PNG
  artifactKey: Guid(e7b8853bad847d1449306060b51a8abf) Importer(815301076,1909f56bfc062723c751e8b465ee728b)
Start importing Assets/UI/Level Previews/Game ScreenShot1.PNG using Guid(e7b8853bad847d1449306060b51a8abf) Importer(815301076,1909f56bfc062723c751e8b465ee728b)  -> (artifact id: '867823dadce3acdb9fda53f14232c35c') in 0.096257 seconds 
========================================================================
Received Import Request.
  Time since last request: 906.344107 seconds.
  path: Assets/Scenes/CityTestScene.unity
  artifactKey: Guid(cd466e5a08953d84e8f7fa2d1c408a69) Importer(815301076,1909f56bfc062723c751e8b465ee728b)
Start importing Assets/Scenes/CityTestScene.unity using Guid(cd466e5a08953d84e8f7fa2d1c408a69) Importer(815301076,1909f56bfc062723c751e8b465ee728b)  -> (artifact id: '51225a6e0c97b8119e0dc6154fdff020') in 0.008269 seconds 
========================================================================
Received Import Request.
  Time since last request: 5885.172490 seconds.
  path: Assets/Scenes/Level2
  artifactKey: Guid(55c476d9eed569449a8764ec4a13cb15) Importer(815301076,1909f56bfc062723c751e8b465ee728b)
Start importing Assets/Scenes/Level2 using Guid(55c476d9eed569449a8764ec4a13cb15) Importer(815301076,1909f56bfc062723c751e8b465ee728b)  -> (artifact id: '8240b18eff57dd63dfc37300d550540a') in 0.007791 seconds 
========================================================================
Received Import Request.
  Time since last request: 1.794499 seconds.
  path: Assets/Scenes/Level2/Lightmap-17_comp_dir.png
  artifactKey: Guid(9a29938ff26f24944958272f23a82fe6) Importer(815301076,1909f56bfc062723c751e8b465ee728b)
Start importing Assets/Scenes/Level2/Lightmap-17_comp_dir.png using Guid(9a29938ff26f24944958272f23a82fe6) Importer(815301076,1909f56bfc062723c751e8b465ee728b)  -> (artifact id: 'ed9937e35d5cb2d14a7d07a0ba8d091a') in 0.064216 seconds 
========================================================================
Received Import Request.
  Time since last request: 0.601453 seconds.
  path: Assets/Scenes/Level2/Lightmap-17_comp_light.exr
  artifactKey: Guid(8227e442081a4fd49b764f656128c8ce) Importer(815301076,1909f56bfc062723c751e8b465ee728b)
Start importing Assets/Scenes/Level2/Lightmap-17_comp_light.exr using Guid(8227e442081a4fd49b764f656128c8ce) Importer(815301076,1909f56bfc062723c751e8b465ee728b)  -> (artifact id: 'd0f5f609ea50e8d485e751bac5868fa7') in 0.039709 seconds 
========================================================================
Received Import Request.
  Time since last request: 0.550644 seconds.
  path: Assets/Scenes/Level2/Lightmap-18_comp_dir.png
  artifactKey: Guid(3776fd5e0c3bea84a888f6f3c8c39840) Importer(815301076,1909f56bfc062723c751e8b465ee728b)
Start importing Assets/Scenes/Level2/Lightmap-18_comp_dir.png using Guid(3776fd5e0c3bea84a888f6f3c8c39840) Importer(815301076,1909f56bfc062723c751e8b465ee728b)  -> (artifact id: '3f5a63e14756d97b66d6095dab2a719c') in 0.017817 seconds 
========================================================================
Received Import Request.
  Time since last request: 0.495941 seconds.
  path: Assets/Scenes/Level2/Lightmap-20_comp_dir.png
  artifactKey: Guid(931ef5e3bb06b9c448ca3639cc08b1d3) Importer(815301076,1909f56bfc062723c751e8b465ee728b)
Start importing Assets/Scenes/Level2/Lightmap-20_comp_dir.png using Guid(931ef5e3bb06b9c448ca3639cc08b1d3) Importer(815301076,1909f56bfc062723c751e8b465ee728b)  -> (artifact id: '6f5b021bd49a325d9b6dcfc57878d308') in 0.018808 seconds 
========================================================================
Received Import Request.
  Time since last request: 0.402512 seconds.
  path: Assets/Scenes/Level2/Lightmap-21_comp_light.exr
  artifactKey: Guid(7e883ecc55b7c254586cf4b6c4aab023) Importer(815301076,1909f56bfc062723c751e8b465ee728b)
Start importing Assets/Scenes/Level2/Lightmap-21_comp_light.exr using Guid(7e883ecc55b7c254586cf4b6c4aab023) Importer(815301076,1909f56bfc062723c751e8b465ee728b)  -> (artifact id: 'cdafb65076439f252f0068e9270ef476') in 0.020194 seconds 
========================================================================
Received Import Request.
  Time since last request: 0.344194 seconds.
  path: Assets/Scenes/Level2/Lightmap-23_comp_dir.png
  artifactKey: Guid(59ddd07de2d487145836b17315973cdd) Importer(815301076,1909f56bfc062723c751e8b465ee728b)
Start importing Assets/Scenes/Level2/Lightmap-23_comp_dir.png using Guid(59ddd07de2d487145836b17315973cdd) Importer(815301076,1909f56bfc062723c751e8b465ee728b)  -> (artifact id: '3ea74759e39559c3723307c43d4d586e') in 0.021099 seconds 
========================================================================
Received Import Request.
  Time since last request: 3.317282 seconds.
  path: Assets/Scenes/CityTestScene.unity
  artifactKey: Guid(cd466e5a08953d84e8f7fa2d1c408a69) Importer(815301076,1909f56bfc062723c751e8b465ee728b)
Start importing Assets/Scenes/CityTestScene.unity using Guid(cd466e5a08953d84e8f7fa2d1c408a69) Importer(815301076,1909f56bfc062723c751e8b465ee728b)  -> (artifact id: '52080d232a8d70e1d79771f536aba254') in 0.007713 seconds 
========================================================================
Received Import Request.
  Time since last request: 40.974397 seconds.
  path: Assets/Scenes/UITest.unity
  artifactKey: Guid(391bed50dd3f43246b7456ec4807f3ac) Importer(815301076,1909f56bfc062723c751e8b465ee728b)
Start importing Assets/Scenes/UITest.unity using Guid(391bed50dd3f43246b7456ec4807f3ac) Importer(815301076,1909f56bfc062723c751e8b465ee728b)  -> (artifact id: '5ba4cbd872902008bdfe90d058c4d377') in 0.009356 seconds 
========================================================================
Received Import Request.
  Time since last request: 42.219634 seconds.
  path: Assets/UI/Level Previews/Game ScreenShot4.PNG
  artifactKey: Guid(4f4a8f49f1fca9d44ba29a3e42601ed7) Importer(815301076,1909f56bfc062723c751e8b465ee728b)
Start importing Assets/UI/Level Previews/Game ScreenShot4.PNG using Guid(4f4a8f49f1fca9d44ba29a3e42601ed7) Importer(815301076,1909f56bfc062723c751e8b465ee728b)  -> (artifact id: '6a05d00b44f092c9166977b9c2b4a5a5') in 0.044342 seconds 
========================================================================
Received Import Request.
  Time since last request: 8.624861 seconds.
  path: Assets/UI/Level Previews/Game ScreenShot4.PNG
  artifactKey: Guid(4f4a8f49f1fca9d44ba29a3e42601ed7) Importer(815301076,1909f56bfc062723c751e8b465ee728b)
Start importing Assets/UI/Level Previews/Game ScreenShot4.PNG using Guid(4f4a8f49f1fca9d44ba29a3e42601ed7) Importer(815301076,1909f56bfc062723c751e8b465ee728b)  -> (artifact id: '594bb6e95d270a7e4715932032846729') in 0.042971 seconds 
========================================================================
Received Import Request.
  Time since last request: 16.947810 seconds.
  path: Assets/UI/Level Previews/Game ScreenShot4.PNG
  artifactKey: Guid(4f4a8f49f1fca9d44ba29a3e42601ed7) Importer(815301076,1909f56bfc062723c751e8b465ee728b)
Start importing Assets/UI/Level Previews/Game ScreenShot4.PNG using Guid(4f4a8f49f1fca9d44ba29a3e42601ed7) Importer(815301076,1909f56bfc062723c751e8b465ee728b)  -> (artifact id: 'e4034bf606dfc895445715ba768a2357') in 0.114728 seconds 
========================================================================
Received Import Request.
  Time since last request: 5.075427 seconds.
  path: Assets/UI/Level Previews/Game ScreenShot4.PNG
  artifactKey: Guid(4f4a8f49f1fca9d44ba29a3e42601ed7) Importer(815301076,1909f56bfc062723c751e8b465ee728b)
Start importing Assets/UI/Level Previews/Game ScreenShot4.PNG using Guid(4f4a8f49f1fca9d44ba29a3e42601ed7) Importer(815301076,1909f56bfc062723c751e8b465ee728b)  -> (artifact id: '54104cc49e6dec8e83da541e1809ca64') in 0.086704 seconds 
========================================================================
Received Import Request.
  Time since last request: 25.625088 seconds.
  path: Assets/UI/Level Previews/Game ScreenShot4.PNG
  artifactKey: Guid(4f4a8f49f1fca9d44ba29a3e42601ed7) Importer(815301076,1909f56bfc062723c751e8b465ee728b)
Start importing Assets/UI/Level Previews/Game ScreenShot4.PNG using Guid(4f4a8f49f1fca9d44ba29a3e42601ed7) Importer(815301076,1909f56bfc062723c751e8b465ee728b)  -> (artifact id: 'ebe4c24ec8f2c07862314aa37e18a0ca') in 0.090742 seconds 
